<?xml version="1.0" encoding="UTF-8"?>
<testng-results ignored="0" total="1" passed="1" failed="0" skipped="0">
  <reporter-output>
  </reporter-output>
  <suite started-at="2023-07-19T10:09:02 IST" name="Default suite" finished-at="2023-07-19T10:09:05 IST" duration-ms="3218">
    <groups>
    </groups>
    <test started-at="2023-07-19T10:09:02 IST" name="Default test" finished-at="2023-07-19T10:09:05 IST" duration-ms="3218">
      <class name="jenkinsdemo.VerifyTitle">
        <test-method is-config="true" signature="launchApplication()[pri:0, instance:jenkinsdemo.VerifyTitle@f78a47e]" started-at="2023-07-19T10:09:02 IST" name="launchApplication" finished-at="2023-07-19T10:09:05 IST" duration-ms="3005" status="PASS">
          <reporter-output>
          </reporter-output>
        </test-method> <!-- launchApplication -->
        <test-method signature="titleVerification()[pri:0, instance:jenkinsdemo.VerifyTitle@f78a47e]" started-at="2023-07-19T10:09:05 IST" name="titleVerification" finished-at="2023-07-19T10:09:05 IST" duration-ms="10" status="PASS">
          <reporter-output>
          </reporter-output>
        </test-method> <!-- titleVerification -->
        <test-method is-config="true" signature="closeBrowser()[pri:0, instance:jenkinsdemo.VerifyTitle@f78a47e]" started-at="2023-07-19T10:09:05 IST" name="closeBrowser" finished-at="2023-07-19T10:09:05 IST" duration-ms="170" status="PASS">
          <reporter-output>
          </reporter-output>
        </test-method> <!-- closeBrowser -->
      </class> <!-- jenkinsdemo.VerifyTitle -->
    </test> <!-- Default test -->
  </suite> <!-- Default suite -->
</testng-results>
